<?xml version="1.0" encoding="UTF-8"?>
<!-- Generated by org.testng.reporters.JUnitReportReporter -->
<testsuite skipped="0" hostname="LAPTOP-6L7DIVK7" name="com.milkbasket.apiautomation.Getinventory" tests="1" failures="0" timestamp="18 Feb 2019 06:14:31 GMT" time="2.674" errors="0">
  <testcase name="test" time="2.674" classname="com.milkbasket.apiautomation.Getinventory"/>
</testsuite> <!-- com.milkbasket.apiautomation.Getinventory -->
